<?xml version="1.0" encoding="UTF-8"?>
<!-- Generated by org.testng.reporters.JUnitReportReporter -->
<testsuite skipped="0" hostname="W1076VH8H2" name="testNgConcepts.ExceptionalTimeoutTest" tests="1" failures="0" timestamp="2021-09-15T17:42:25 IST" time="0.001" errors="0">
  <testcase name="test1" time="0.001" classname="testNgConcepts.ExceptionalTimeoutTest"/>
  <system-out/>
</testsuite> <!-- testNgConcepts.ExceptionalTimeoutTest -->
