<?xml version="1.0" encoding="UTF-8"?>
<!-- Generated by org.testng.reporters.JUnitReportReporter -->
<testsuite skipped="0" hostname="W1076VH8H2" name="testNgConcepts.InvocationCount" tests="10" failures="0" timestamp="2021-09-15T17:42:25 IST" time="0.023" errors="0">
  <testcase name="sum" time="0.002" classname="testNgConcepts.InvocationCount"/>
  <system-out/>
  <testcase name="sum" time="0.003" classname="testNgConcepts.InvocationCount"/>
  <system-out/>
  <testcase name="sum" time="0.003" classname="testNgConcepts.InvocationCount"/>
  <system-out/>
  <testcase name="sum" time="0.002" classname="testNgConcepts.InvocationCount"/>
  <system-out/>
  <testcase name="sum" time="0.001" classname="testNgConcepts.InvocationCount"/>
  <system-out/>
  <testcase name="sum" time="0.005" classname="testNgConcepts.InvocationCount"/>
  <system-out/>
  <testcase name="sum" time="0.002" classname="testNgConcepts.InvocationCount"/>
  <system-out/>
  <testcase name="sum" time="0.002" classname="testNgConcepts.InvocationCount"/>
  <system-out/>
  <testcase name="sum" time="0.001" classname="testNgConcepts.InvocationCount"/>
  <system-out/>
  <testcase name="sum" time="0.002" classname="testNgConcepts.InvocationCount"/>
  <system-out/>
</testsuite> <!-- testNgConcepts.InvocationCount -->
