<?xml version="1.0" encoding="UTF-8"?>
<!-- Generated by org.testng.reporters.JUnitReportReporter -->
<testsuite skipped="0" hostname="W1076VH8H2" name="testNgConcepts.Priority" tests="3" failures="0" timestamp="2021-10-12T13:26:25 IST" time="0.017" errors="0">
  <testcase name="alpha" time="0.013" classname="testNgConcepts.Priority"/>
  <system-out/>
  <testcase name="apple" time="0.002" classname="testNgConcepts.Priority"/>
  <system-out/>
  <testcase name="aum" time="0.002" classname="testNgConcepts.Priority"/>
  <system-out/>
</testsuite> <!-- testNgConcepts.Priority -->
