<?xml version="1.0" encoding="UTF-8"?>
<!-- Generated by org.testng.reporters.JUnitReportReporter -->
<testsuite skipped="0" hostname="W1076VH8H2" name="testNgConcepts.TestngException" tests="1" failures="0" timestamp="2021-10-13T22:28:49 IST" time="0.047" errors="0">
  <testcase name="f" time="0.047" classname="testNgConcepts.TestngException"/>
  <system-out/>
</testsuite> <!-- testNgConcepts.TestngException -->
